Build started 2013-01-15 19:53:59.
     1>Project "D:\Projekty\exTibiaSVN\exTibiaDLL\exTibiaDLL.vcxproj" on node 2 (rebuild target(s)).
     1>_PrepareForClean:
         Deleting file "Release\exTibiaLib.lastbuildstate".
     1>C:\Program Files (x86)\MSBuild\Microsoft.Cpp\v4.0\Microsoft.CppBuild.targets(299,5): warning MSB8004: Output Directory does not end with a trailing slash.  This build instance will add the slash as it is required to allow proper evaluation of the Output Directory.
       InitializeBuildStatus:
         Creating "Release\exTibiaLib.unsuccessfulbuild" because "AlwaysCreate" was specified.
       ClCompile:
         D:\Programy\Microsoft Visual Studio 10.0\VC\bin\CL.exe /c /Zi /nologo /W3 /WX- /O2 /Oi /Oy- /GL /D WIN32 /D NDEBUG /D _WINDOWS /D _USRDLL /D EXTIBIADLL_EXPORTS /D _WINDLL /D _UNICODE /D UNICODE /Gm- /EHsc /MD /GS /Gy /fp:precise /Zc:wchar_t /Zc:forScope /Yc"StdAfx.h" /Fp"Release\exTibiaLib.pch" /Fo"Release\\" /Fd"Release\vc100.pdb" /Gd /TP /analyze- /errorReport:prompt stdafx.cpp
         stdafx.cpp
         D:\Programy\Microsoft Visual Studio 10.0\VC\bin\CL.exe /c /Zi /nologo /W3 /WX- /O2 /Oi /Oy- /GL /D WIN32 /D NDEBUG /D _WINDOWS /D _USRDLL /D EXTIBIADLL_EXPORTS /D _WINDLL /D _UNICODE /D UNICODE /Gm- /EHsc /MD /GS /Gy /fp:precise /Zc:wchar_t /Zc:forScope /Fo"Release\\" /Fd"Release\vc100.pdb" /Gd /TP /analyze- /errorReport:prompt dllmain.cpp
         dllmain.cpp
         D:\Programy\Microsoft Visual Studio 10.0\VC\bin\CL.exe /c /Zi /nologo /W3 /WX- /O2 /Oi /Oy- /GL /D WIN32 /D NDEBUG /D _WINDOWS /D _USRDLL /D EXTIBIADLL_EXPORTS /D _WINDLL /D _UNICODE /D UNICODE /Gm- /EHsc /MD /GS /Gy /fp:precise /Zc:wchar_t /Zc:forScope /Yu"StdAfx.h" /Fp"Release\exTibiaLib.pch" /Fo"Release\\" /Fd"Release\vc100.pdb" /Gd /TP /analyze- /errorReport:prompt exTibiaDLL.cpp
         exTibiaDLL.cpp
       Link:
         D:\Programy\Microsoft Visual Studio 10.0\VC\bin\link.exe /ERRORREPORT:PROMPT /OUT:"..\exTibia\bin\Release\exTibiaLib.dll" /INCREMENTAL:NO /NOLOGO kernel32.lib user32.lib gdi32.lib winspool.lib comdlg32.lib advapi32.lib shell32.lib ole32.lib oleaut32.lib uuid.lib odbc32.lib odbccp32.lib /MANIFEST /ManifestFile:"Release\exTibiaLib.dll.intermediate.manifest" /MANIFESTUAC:"level='asInvoker' uiAccess='false'" /DEBUG /PDB:"D:\Projekty\exTibiaSVN\exTibia\bin\Release\exTibiaLib.pdb" /SUBSYSTEM:WINDOWS /OPT:REF /OPT:ICF /LTCG /TLBID:1 /DYNAMICBASE /NXCOMPAT /IMPLIB:"..\exTibia\bin\Release\exTibiaLib.lib" /MACHINE:X86 /DLL Release\dllmain.obj
         Release\exTibiaDLL.obj
         Release\stdafx.obj
         Generating code
         Finished generating code
         exTibiaDLL.vcxproj -> D:\Projekty\exTibiaSVN\exTibiaDLL\..\exTibia\bin\Release\exTibiaLib.dll
       Manifest:
         C:\Program Files (x86)\Microsoft SDKs\Windows\v7.0A\bin\mt.exe /nologo /verbose /outputresource:"..\exTibia\bin\Release\exTibiaLib.dll;#2" /manifest Release\exTibiaLib.dll.intermediate.manifest
       FinalizeBuildStatus:
         Deleting file "Release\exTibiaLib.unsuccessfulbuild".
         Touching "Release\exTibiaLib.lastbuildstate".
     1>Done Building Project "D:\Projekty\exTibiaSVN\exTibiaDLL\exTibiaDLL.vcxproj" (rebuild target(s)).

Build succeeded.

Time Elapsed 00:00:06.81
