..\exTibia\bin\Debug\exCore.ilk
..\exTibia\bin\Debug\exCore.pdb
D:\PROJEKTY\EXTIBIASVN\EXTIBIA\BIN\DEBUG\EXCORE.DLL
D:\PROJEKTY\EXTIBIASVN\EXTIBIA\BIN\DEBUG\EXCORE.ILK
D:\PROJEKTY\EXTIBIASVN\EXTIBIA\BIN\DEBUG\EXCORE.PDB
D:\Projekty\exTibiaSVN\exTibiaDLL\..\exTibia\bin\Debug\exCore.dll
D:\Projekty\exTibiaSVN\exTibiaDLL\Debug\cl.command.1.tlog
D:\Projekty\exTibiaSVN\exTibiaDLL\Debug\CL.read.1.tlog
D:\Projekty\exTibiaSVN\exTibiaDLL\Debug\CL.write.1.tlog
D:\PROJEKTY\EXTIBIASVN\EXTIBIADLL\DEBUG\CONSTANTS.OBJ
D:\PROJEKTY\EXTIBIASVN\EXTIBIADLL\DEBUG\DLLMAIN.OBJ
D:\PROJEKTY\EXTIBIASVN\EXTIBIADLL\DEBUG\EXCORE.DLL.EMBED.MANIFEST
D:\PROJEKTY\EXTIBIASVN\EXTIBIADLL\DEBUG\EXCORE.DLL.EMBED.MANIFEST.RES
D:\PROJEKTY\EXTIBIASVN\EXTIBIADLL\DEBUG\EXCORE.DLL.INTERMEDIATE.MANIFEST
D:\PROJEKTY\EXTIBIASVN\EXTIBIADLL\DEBUG\EXCORE.PCH
D:\Projekty\exTibiaSVN\exTibiaDLL\Debug\exCore_manifest.rc
D:\PROJEKTY\EXTIBIASVN\EXTIBIADLL\DEBUG\EXTIBIADLL.OBJ
D:\PROJEKTY\EXTIBIASVN\EXTIBIADLL\DEBUG\HOOK.OBJ
D:\Projekty\exTibiaSVN\exTibiaDLL\Debug\link.7128.read.1.tlog
D:\Projekty\exTibiaSVN\exTibiaDLL\Debug\link.7128.write.1.tlog
D:\Projekty\exTibiaSVN\exTibiaDLL\Debug\link.7128-cvtres.read.1.tlog
D:\Projekty\exTibiaSVN\exTibiaDLL\Debug\link.7128-cvtres.write.1.tlog
D:\Projekty\exTibiaSVN\exTibiaDLL\Debug\link.command.1.tlog
D:\Projekty\exTibiaSVN\exTibiaDLL\Debug\link.read.1.tlog
D:\Projekty\exTibiaSVN\exTibiaDLL\Debug\link.write.1.tlog
D:\Projekty\exTibiaSVN\exTibiaDLL\Debug\link-cvtres.read.1.tlog
D:\Projekty\exTibiaSVN\exTibiaDLL\Debug\link-cvtres.write.1.tlog
D:\Projekty\exTibiaSVN\exTibiaDLL\Debug\mt.command.1.tlog
D:\Projekty\exTibiaSVN\exTibiaDLL\Debug\mt.read.1.tlog
D:\Projekty\exTibiaSVN\exTibiaDLL\Debug\mt.write.1.tlog
D:\PROJEKTY\EXTIBIASVN\EXTIBIADLL\DEBUG\PACKET.OBJ
D:\PROJEKTY\EXTIBIASVN\EXTIBIADLL\DEBUG\PARSERHOOK.OBJ
D:\PROJEKTY\EXTIBIASVN\EXTIBIADLL\DEBUG\PIPECLIENT.OBJ
D:\PROJEKTY\EXTIBIASVN\EXTIBIADLL\DEBUG\PIPESERVER.OBJ
D:\PROJEKTY\EXTIBIASVN\EXTIBIADLL\DEBUG\PRINTHOOK.OBJ
D:\Projekty\exTibiaSVN\exTibiaDLL\Debug\rc.command.1.tlog
D:\Projekty\exTibiaSVN\exTibiaDLL\Debug\rc.read.1.tlog
D:\Projekty\exTibiaSVN\exTibiaDLL\Debug\rc.write.1.tlog
D:\PROJEKTY\EXTIBIASVN\EXTIBIADLL\DEBUG\STDAFX.OBJ
D:\Projekty\exTibiaSVN\exTibiaDLL\Debug\vc100.idb
D:\PROJEKTY\EXTIBIASVN\EXTIBIADLL\DEBUG\VC100.PDB
