..\exTibia\bin\Debug\exTibia.ilk
..\exTibia\bin\Debug\exTibia.pdb
D:\PROJEKTY\EXTIBIASVN\EXTIBIA\BIN\DEBUG\EXTIBIA.DLL
D:\PROJEKTY\EXTIBIASVN\EXTIBIA\BIN\DEBUG\EXTIBIA.ILK
D:\PROJEKTY\EXTIBIASVN\EXTIBIA\BIN\DEBUG\EXTIBIA.PDB
D:\Projekty\exTibiaSVN\exTibiaDLL\..\exTibia\bin\Debug\exTibia.dll
D:\Projekty\exTibiaSVN\exTibiaDLL\Debug\cl.command.1.tlog
D:\Projekty\exTibiaSVN\exTibiaDLL\Debug\CL.read.1.tlog
D:\Projekty\exTibiaSVN\exTibiaDLL\Debug\CL.write.1.tlog
D:\PROJEKTY\EXTIBIASVN\EXTIBIADLL\DEBUG\DLLMAIN.OBJ
D:\PROJEKTY\EXTIBIASVN\EXTIBIADLL\DEBUG\EXTIBIA.DLL.EMBED.MANIFEST
D:\PROJEKTY\EXTIBIASVN\EXTIBIADLL\DEBUG\EXTIBIA.DLL.EMBED.MANIFEST.RES
D:\PROJEKTY\EXTIBIASVN\EXTIBIADLL\DEBUG\EXTIBIA.DLL.INTERMEDIATE.MANIFEST
D:\PROJEKTY\EXTIBIASVN\EXTIBIADLL\DEBUG\EXTIBIA.PCH
D:\Projekty\exTibiaSVN\exTibiaDLL\Debug\exTibia_manifest.rc
D:\PROJEKTY\EXTIBIASVN\EXTIBIADLL\DEBUG\EXTIBIADLL.OBJ
D:\Projekty\exTibiaSVN\exTibiaDLL\Debug\link.2064.read.1.tlog
D:\Projekty\exTibiaSVN\exTibiaDLL\Debug\link.2064.write.1.tlog
D:\Projekty\exTibiaSVN\exTibiaDLL\Debug\link.2064-cvtres.read.1.tlog
D:\Projekty\exTibiaSVN\exTibiaDLL\Debug\link.2064-cvtres.write.1.tlog
D:\Projekty\exTibiaSVN\exTibiaDLL\Debug\link.command.1.tlog
D:\Projekty\exTibiaSVN\exTibiaDLL\Debug\link.read.1.tlog
D:\Projekty\exTibiaSVN\exTibiaDLL\Debug\link.write.1.tlog
D:\Projekty\exTibiaSVN\exTibiaDLL\Debug\link-cvtres.read.1.tlog
D:\Projekty\exTibiaSVN\exTibiaDLL\Debug\link-cvtres.write.1.tlog
D:\Projekty\exTibiaSVN\exTibiaDLL\Debug\mt.command.1.tlog
D:\Projekty\exTibiaSVN\exTibiaDLL\Debug\mt.read.1.tlog
D:\Projekty\exTibiaSVN\exTibiaDLL\Debug\mt.write.1.tlog
D:\Projekty\exTibiaSVN\exTibiaDLL\Debug\rc.command.1.tlog
D:\Projekty\exTibiaSVN\exTibiaDLL\Debug\rc.read.1.tlog
D:\Projekty\exTibiaSVN\exTibiaDLL\Debug\rc.write.1.tlog
D:\PROJEKTY\EXTIBIASVN\EXTIBIADLL\DEBUG\STDAFX.OBJ
D:\Projekty\exTibiaSVN\exTibiaDLL\Debug\vc100.idb
D:\PROJEKTY\EXTIBIASVN\EXTIBIADLL\DEBUG\VC100.PDB
