..\exTibia\bin\Debug\exTibiaLib.ilk
..\exTibia\bin\Debug\exTibiaLib.pdb
D:\PROJEKTY\EXTIBIASVN\EXTIBIA\BIN\DEBUG\EXTIBIALIB.DLL
D:\PROJEKTY\EXTIBIASVN\EXTIBIA\BIN\DEBUG\EXTIBIALIB.ILK
D:\PROJEKTY\EXTIBIASVN\EXTIBIA\BIN\DEBUG\EXTIBIALIB.PDB
D:\Projekty\exTibiaSVN\exTibiaDLL\..\exTibia\bin\Debug\exTibiaLib.dll
D:\Projekty\exTibiaSVN\exTibiaDLL\Debug\cl.command.1.tlog
D:\Projekty\exTibiaSVN\exTibiaDLL\Debug\CL.read.1.tlog
D:\Projekty\exTibiaSVN\exTibiaDLL\Debug\CL.write.1.tlog
D:\PROJEKTY\EXTIBIASVN\EXTIBIADLL\DEBUG\CONSTANTS.OBJ
D:\PROJEKTY\EXTIBIASVN\EXTIBIADLL\DEBUG\DLLMAIN.OBJ
D:\PROJEKTY\EXTIBIASVN\EXTIBIADLL\DEBUG\EXTIBIADLL.OBJ
D:\PROJEKTY\EXTIBIASVN\EXTIBIADLL\DEBUG\EXTIBIALIB.DLL.EMBED.MANIFEST
D:\PROJEKTY\EXTIBIASVN\EXTIBIADLL\DEBUG\EXTIBIALIB.DLL.EMBED.MANIFEST.RES
D:\PROJEKTY\EXTIBIASVN\EXTIBIADLL\DEBUG\EXTIBIALIB.DLL.INTERMEDIATE.MANIFEST
D:\PROJEKTY\EXTIBIASVN\EXTIBIADLL\DEBUG\EXTIBIALIB.PCH
D:\Projekty\exTibiaSVN\exTibiaDLL\Debug\exTibiaLib_manifest.rc
D:\PROJEKTY\EXTIBIASVN\EXTIBIADLL\DEBUG\HOOK.OBJ
D:\Projekty\exTibiaSVN\exTibiaDLL\Debug\link.5884.read.1.tlog
D:\Projekty\exTibiaSVN\exTibiaDLL\Debug\link.5884.write.1.tlog
D:\Projekty\exTibiaSVN\exTibiaDLL\Debug\link.5884-cvtres.read.1.tlog
D:\Projekty\exTibiaSVN\exTibiaDLL\Debug\link.5884-cvtres.write.1.tlog
D:\Projekty\exTibiaSVN\exTibiaDLL\Debug\link.command.1.tlog
D:\Projekty\exTibiaSVN\exTibiaDLL\Debug\link.read.1.tlog
D:\Projekty\exTibiaSVN\exTibiaDLL\Debug\link.write.1.tlog
D:\Projekty\exTibiaSVN\exTibiaDLL\Debug\link-cvtres.read.1.tlog
D:\Projekty\exTibiaSVN\exTibiaDLL\Debug\link-cvtres.write.1.tlog
D:\Projekty\exTibiaSVN\exTibiaDLL\Debug\mt.command.1.tlog
D:\Projekty\exTibiaSVN\exTibiaDLL\Debug\mt.read.1.tlog
D:\Projekty\exTibiaSVN\exTibiaDLL\Debug\mt.write.1.tlog
D:\PROJEKTY\EXTIBIASVN\EXTIBIADLL\DEBUG\PACKET.OBJ
D:\PROJEKTY\EXTIBIASVN\EXTIBIADLL\DEBUG\PARSERHOOK.OBJ
D:\PROJEKTY\EXTIBIASVN\EXTIBIADLL\DEBUG\PIPECLIENT.OBJ
D:\PROJEKTY\EXTIBIASVN\EXTIBIADLL\DEBUG\PIPESERVER.OBJ
D:\PROJEKTY\EXTIBIASVN\EXTIBIADLL\DEBUG\PRINTHOOK.OBJ
D:\Projekty\exTibiaSVN\exTibiaDLL\Debug\rc.command.1.tlog
D:\Projekty\exTibiaSVN\exTibiaDLL\Debug\rc.read.1.tlog
D:\Projekty\exTibiaSVN\exTibiaDLL\Debug\rc.write.1.tlog
D:\PROJEKTY\EXTIBIASVN\EXTIBIADLL\DEBUG\STDAFX.OBJ
D:\Projekty\exTibiaSVN\exTibiaDLL\Debug\vc100.idb
D:\PROJEKTY\EXTIBIASVN\EXTIBIADLL\DEBUG\VC100.PDB
