Build started 2013-03-27 18:43:21.
     1>Project "D:\my projects\Projects\exTibiaSVN\exTibiaDLL\exTibiaDLL.vcxproj" on node 2 (build target(s)).
     1>InitializeBuildStatus:
         Creating "Debug\exCore.unsuccessfulbuild" because "AlwaysCreate" was specified.
       ClCompile:
         D:\Programy\Microsoft Visual Studio 10.0\VC\bin\CL.exe /c /ZI /nologo /W3 /WX- /Od /Oy- /D WIN32 /D _DEBUG /D _WINDOWS /D _USRDLL /D EXTIBIADLL_EXPORTS /D _WINDLL /D _UNICODE /D UNICODE /Gm /EHsc /RTC1 /MDd /GS /fp:precise /Zc:wchar_t /Zc:forScope /Yc"StdAfx.h" /Fp"Debug\exCore.pch" /Fo"Debug\\" /Fd"Debug\vc100.pdb" /Gd /TP /analyze- /errorReport:prompt stdafx.cpp
         stdafx.cpp
         D:\Programy\Microsoft Visual Studio 10.0\VC\bin\CL.exe /c /ZI /nologo /W3 /WX- /Od /Oy- /D WIN32 /D _DEBUG /D _WINDOWS /D _USRDLL /D EXTIBIADLL_EXPORTS /D _WINDLL /D _UNICODE /D UNICODE /Gm /EHsc /RTC1 /MDd /GS /fp:precise /Zc:wchar_t /Zc:forScope /Yu"StdAfx.h" /Fp"Debug\exCore.pch" /Fo"Debug\\" /Fd"Debug\vc100.pdb" /Gd /TP /analyze- /errorReport:prompt Constants.cpp exTibiaDLL.cpp Hook.cpp Packet.cpp ParserHook.cpp PipeClient.cpp PipeServer.cpp PrintHook.cpp
         PrintHook.cpp
         PipeServer.cpp
         PipeClient.cpp
         ParserHook.cpp
         Packet.cpp
     1>d:\my projects\projects\extibiasvn\extibiadll\packet.cpp(58): warning C4996: 'strcpy': This function or variable may be unsafe. Consider using strcpy_s instead. To disable deprecation, use _CRT_SECURE_NO_WARNINGS. See online help for details.
                 d:\programy\microsoft visual studio 10.0\vc\include\string.h(105) : see declaration of 'strcpy'
         Hook.cpp
         exTibiaDLL.cpp
         Constants.cpp
         Generating Code...
         D:\Programy\Microsoft Visual Studio 10.0\VC\bin\CL.exe /c /ZI /nologo /W3 /WX- /Od /Oy- /D WIN32 /D _DEBUG /D _WINDOWS /D _USRDLL /D EXTIBIADLL_EXPORTS /D _WINDLL /D _UNICODE /D UNICODE /Gm /EHsc /RTC1 /MDd /GS /fp:precise /Zc:wchar_t /Zc:forScope /Fo"Debug\\" /Fd"Debug\vc100.pdb" /Gd /TP /analyze- /errorReport:prompt dllmain.cpp
         dllmain.cpp
       ManifestResourceCompile:
         C:\Program Files (x86)\Microsoft SDKs\Windows\v7.0A\bin\rc.exe /nologo /fo"Debug\exCore.dll.embed.manifest.res" Debug\exCore_manifest.rc 
       Link:
         D:\Programy\Microsoft Visual Studio 10.0\VC\bin\link.exe /ERRORREPORT:PROMPT /OUT:"..\exTibia\bin\Debug\exCore.dll" /INCREMENTAL /NOLOGO kernel32.lib user32.lib gdi32.lib winspool.lib comdlg32.lib advapi32.lib shell32.lib ole32.lib oleaut32.lib uuid.lib odbc32.lib odbccp32.lib /MANIFEST /ManifestFile:"Debug\exCore.dll.intermediate.manifest" /MANIFESTUAC:"level='asInvoker' uiAccess='false'" /DEBUG /PDB:"D:\my projects\Projects\exTibiaSVN\exTibia\bin\Debug\exCore.pdb" /SUBSYSTEM:WINDOWS /TLBID:1 /DYNAMICBASE /NXCOMPAT /IMPLIB:"..\exTibia\bin\Debug\exCore.lib" /MACHINE:X86 /DLL Debug\exCore.dll.embed.manifest.res
         Debug\Constants.obj
         Debug\dllmain.obj
         Debug\exTibiaDLL.obj
         Debug\Hook.obj
         Debug\Packet.obj
         Debug\ParserHook.obj
         Debug\PipeClient.obj
         Debug\PipeServer.obj
         Debug\PrintHook.obj
         Debug\stdafx.obj
       Manifest:
         C:\Program Files (x86)\Microsoft SDKs\Windows\v7.0A\bin\mt.exe /nologo /verbose /out:"Debug\exCore.dll.embed.manifest" /manifest Debug\exCore.dll.intermediate.manifest
         All outputs are up-to-date.
       LinkEmbedManifest:
         All outputs are up-to-date.
         exTibiaDLL.vcxproj -> D:\my projects\Projects\exTibiaSVN\exTibiaDLL\..\exTibia\bin\Debug\exCore.dll
       FinalizeBuildStatus:
         Deleting file "Debug\exCore.unsuccessfulbuild".
         Touching "Debug\exCore.lastbuildstate".
     1>Done Building Project "D:\my projects\Projects\exTibiaSVN\exTibiaDLL\exTibiaDLL.vcxproj" (build target(s)).

Build succeeded.

Time Elapsed 00:00:33.91
