..\Debug\exTibiaDLL.ilk
..\Debug\exTibiaDLL.pdb
D:\PROJEKTY\EXTIBIASVN\DEBUG\EXTIBIADLL.DLL
D:\PROJEKTY\EXTIBIASVN\DEBUG\EXTIBIADLL.ILK
D:\PROJEKTY\EXTIBIASVN\DEBUG\EXTIBIADLL.PDB
D:\Projekty\exTibiaSVN\exTibiaDLL\..\Debug\exTibiaDLL.dll
D:\Projekty\exTibiaSVN\exTibiaDLL\Debug\cl.command.1.tlog
D:\Projekty\exTibiaSVN\exTibiaDLL\Debug\CL.read.1.tlog
D:\Projekty\exTibiaSVN\exTibiaDLL\Debug\CL.write.1.tlog
D:\PROJEKTY\EXTIBIASVN\EXTIBIADLL\DEBUG\DLLMAIN.OBJ
D:\PROJEKTY\EXTIBIASVN\EXTIBIADLL\DEBUG\EXTIBIADLL.DLL.EMBED.MANIFEST
D:\PROJEKTY\EXTIBIASVN\EXTIBIADLL\DEBUG\EXTIBIADLL.DLL.EMBED.MANIFEST.RES
D:\PROJEKTY\EXTIBIASVN\EXTIBIADLL\DEBUG\EXTIBIADLL.DLL.INTERMEDIATE.MANIFEST
D:\PROJEKTY\EXTIBIASVN\EXTIBIADLL\DEBUG\EXTIBIADLL.OBJ
D:\PROJEKTY\EXTIBIASVN\EXTIBIADLL\DEBUG\EXTIBIADLL.PCH
D:\Projekty\exTibiaSVN\exTibiaDLL\Debug\exTibiaDLL_manifest.rc
D:\Projekty\exTibiaSVN\exTibiaDLL\Debug\link.4240.read.1.tlog
D:\Projekty\exTibiaSVN\exTibiaDLL\Debug\link.4240.write.1.tlog
D:\Projekty\exTibiaSVN\exTibiaDLL\Debug\link.4240-cvtres.read.1.tlog
D:\Projekty\exTibiaSVN\exTibiaDLL\Debug\link.4240-cvtres.write.1.tlog
D:\Projekty\exTibiaSVN\exTibiaDLL\Debug\link.command.1.tlog
D:\Projekty\exTibiaSVN\exTibiaDLL\Debug\link.read.1.tlog
D:\Projekty\exTibiaSVN\exTibiaDLL\Debug\link.write.1.tlog
D:\Projekty\exTibiaSVN\exTibiaDLL\Debug\link-cvtres.read.1.tlog
D:\Projekty\exTibiaSVN\exTibiaDLL\Debug\link-cvtres.write.1.tlog
D:\Projekty\exTibiaSVN\exTibiaDLL\Debug\mt.command.1.tlog
D:\Projekty\exTibiaSVN\exTibiaDLL\Debug\mt.read.1.tlog
D:\Projekty\exTibiaSVN\exTibiaDLL\Debug\mt.write.1.tlog
D:\Projekty\exTibiaSVN\exTibiaDLL\Debug\rc.command.1.tlog
D:\Projekty\exTibiaSVN\exTibiaDLL\Debug\rc.read.1.tlog
D:\Projekty\exTibiaSVN\exTibiaDLL\Debug\rc.write.1.tlog
D:\PROJEKTY\EXTIBIASVN\EXTIBIADLL\DEBUG\STDAFX.OBJ
D:\Projekty\exTibiaSVN\exTibiaDLL\Debug\vc100.idb
D:\PROJEKTY\EXTIBIASVN\EXTIBIADLL\DEBUG\VC100.PDB
